<?xml version="1.0" encoding="UTF-8"?>
<!-- Generated by org.testng.reporters.JUnitReportReporter -->
<testsuite hostname="ANIMESH-PC" name="Test_Seleniim.NewTest" tests="1" failures="0" timestamp="22 Mar 2020 14:49:34 GMT" time="77.888" errors="0">
  <testcase name="f" time="77.888" classname="Test_Seleniim.NewTest"/>
</testsuite> <!-- Test_Seleniim.NewTest -->
